Command line: /home/softwares/SPAdes-3.13.1-Linux/bin/spades.py	-1	/data/Lab8_data/illumina_reads_R1.fastq	-2	/data/Lab8_data/illumina_reads_R2.fastq	--pacbio	/data/Lab8_data/pacbio_reads.fastq	-t	10	-o	/bigdata/home/5447414/BioE-131/Lab9	

System information:
  SPAdes version: 3.13.1
  Python version: 2.7.16
  OS: Linux-4.14.146-119.123.amzn2.x86_64-x86_64-with-glibc2.2.5

Output dir: /bigdata/home/5447414/BioE-131/Lab9
Mode: read error correction and assembling
Debug mode is turned OFF

Dataset parameters:
  Multi-cell mode (you should set '--sc' flag if input data was obtained with MDA (single-cell) technology or --meta flag if processing metagenomic dataset)
  Reads:
    Library number: 1, library type: paired-end
      orientation: fr
      left reads: ['/data/Lab8_data/illumina_reads_R1.fastq']
      right reads: ['/data/Lab8_data/illumina_reads_R2.fastq']
      interlaced reads: not specified
      single reads: not specified
      merged reads: not specified
    Library number: 2, library type: pacbio
      left reads: not specified
      right reads: not specified
      interlaced reads: not specified
      single reads: ['/data/Lab8_data/pacbio_reads.fastq']
      merged reads: not specified
Read error correction parameters:
  Iterations: 1
  PHRED offset will be auto-detected
  Corrected reads will be compressed
Assembly parameters:
  k: automatic selection based on read length
  Repeat resolution is enabled
  Mismatch careful mode is turned OFF
  MismatchCorrector will be SKIPPED
  Coverage cutoff is turned OFF
Other parameters:
  Dir for temp files: /bigdata/home/5447414/BioE-131/Lab9/tmp
  Threads: 10
  Memory limit (in Gb): 124


======= SPAdes pipeline started. Log can be found here: /bigdata/home/5447414/BioE-131/Lab9/spades.log


===== Read error correction started. 


== Running read error correction tool: /bigdata/home/softwares/SPAdes-3.13.1-Linux/bin/spades-hammer /bigdata/home/5447414/BioE-131/Lab9/corrected/configs/config.info

  0:00:00.000     4M / 4M    INFO    General                 (main.cpp                  :  75)   Starting BayesHammer, built from refs/heads/spades_3.13.1, git revision 9a9d54db2ff9abaac718155bf74c12ec9464e8ca
  0:00:00.000     4M / 4M    INFO    General                 (main.cpp                  :  76)   Loading config from /bigdata/home/5447414/BioE-131/Lab9/corrected/configs/config.info
  0:00:00.000     4M / 4M    INFO    General                 (main.cpp                  :  78)   Maximum # of threads to use (adjusted due to OMP capabilities): 10
  0:00:00.000     4M / 4M    INFO    General                 (memory_limit.cpp          :  49)   Memory limit set to 124 Gb
  0:00:00.000     4M / 4M    INFO    General                 (main.cpp                  :  86)   Trying to determine PHRED offset
  0:00:00.000     4M / 4M    INFO    General                 (main.cpp                  :  92)   Determined value is 33
  0:00:00.000     4M / 4M    INFO    General                 (hammer_tools.cpp          :  36)   Hamming graph threshold tau=1, k=21, subkmer positions = [ 0 10 ]
  0:00:00.000     4M / 4M    INFO    General                 (main.cpp                  : 113)   Size of aux. kmer data 24 bytes
     === ITERATION 0 begins ===
  0:00:00.000     4M / 4M    INFO   K-mer Index Building     (kmer_index_builder.hpp    : 301)   Building kmer index
  0:00:00.000     4M / 4M    INFO    General                 (kmer_index_builder.hpp    : 117)   Splitting kmer instances into 160 files using 10 threads. This might take a while.
  0:00:00.000     4M / 4M    INFO    General                 (file_limit.hpp            :  32)   Open file limit set to 1024
  0:00:00.000     4M / 4M    INFO    General                 (kmer_splitters.hpp        :  89)   Memory available for splitting buffers: 4.1332 Gb
  0:00:00.000     4M / 4M    INFO    General                 (kmer_splitters.hpp        :  97)   Using cell size of 419430
  0:00:00.011     5G / 5G    INFO   K-mer Splitting          (kmer_data.cpp             :  97)   Processing /data/Lab8_data/illumina_reads_R1.fastq
  0:00:07.954     5G / 5G    INFO   K-mer Splitting          (kmer_data.cpp             : 107)   Processed 562667 reads
  0:00:07.955     5G / 5G    INFO   K-mer Splitting          (kmer_data.cpp             :  97)   Processing /data/Lab8_data/illumina_reads_R2.fastq
  0:00:15.946     5G / 5G    INFO   K-mer Splitting          (kmer_data.cpp             : 107)   Processed 1125334 reads
  0:00:15.947     5G / 5G    INFO   K-mer Splitting          (kmer_data.cpp             : 112)   Total 1125334 reads processed
  0:00:16.177    40M / 5G    INFO    General                 (kmer_index_builder.hpp    : 120)   Starting k-mer counting.
  0:00:20.080    40M / 5G    INFO    General                 (kmer_index_builder.hpp    : 127)   K-mer counting done. There are 372650690 kmers in total.
  0:00:20.080    40M / 5G    INFO    General                 (kmer_index_builder.hpp    : 133)   Merging temporary buckets.
  0:00:22.343    40M / 5G    INFO   K-mer Index Building     (kmer_index_builder.hpp    : 314)   Building perfect hash indices
  0:00:40.583   236M / 5G    INFO    General                 (kmer_index_builder.hpp    : 150)   Merging final buckets.
  0:00:53.664   236M / 5G    INFO   K-mer Index Building     (kmer_index_builder.hpp    : 336)   Index built. Total 172813200 bytes occupied (3.70992 bits per kmer).
  0:00:53.664   236M / 5G    INFO   K-mer Counting           (kmer_data.cpp             : 356)   Arranging kmers in hash map order
  0:01:11.615     5G / 5G    INFO    General                 (main.cpp                  : 148)   Clustering Hamming graph.
